Traceback (most recent call last):
  File "C:\Users\Kein Jake\AppData\Local\Programs\Python\Python311\Lib\site-packages\jupyter_cache\executors\utils.py", line 58, in single_nb_execution
    executenb(
  File "C:\Users\Kein Jake\AppData\Local\Programs\Python\Python311\Lib\site-packages\nbclient\client.py", line 1265, in execute
    return NotebookClient(nb=nb, resources=resources, km=km, **kwargs).execute()
           ^^^^^^^^^^^^^^^^^^^^^^^^^^^^^^^^^^^^^^^^^^^^^^^^^^^^^^^^^^^^^^^^^^^^^
  File "C:\Users\Kein Jake\AppData\Local\Programs\Python\Python311\Lib\site-packages\jupyter_core\utils\__init__.py", line 168, in wrapped
    return loop.run_until_complete(inner)
           ^^^^^^^^^^^^^^^^^^^^^^^^^^^^^^
  File "C:\Users\Kein Jake\AppData\Local\Programs\Python\Python311\Lib\asyncio\base_events.py", line 653, in run_until_complete
    return future.result()
           ^^^^^^^^^^^^^^^
  File "C:\Users\Kein Jake\AppData\Local\Programs\Python\Python311\Lib\contextlib.py", line 222, in __aexit__
    await self.gen.athrow(typ, value, traceback)
  File "C:\Users\Kein Jake\AppData\Local\Programs\Python\Python311\Lib\site-packages\nbclient\client.py", line 648, in async_setup_kernel
    yield
  File "C:\Users\Kein Jake\AppData\Local\Programs\Python\Python311\Lib\site-packages\nbclient\client.py", line 703, in async_execute
    await self.async_execute_cell(
  File "C:\Users\Kein Jake\AppData\Local\Programs\Python\Python311\Lib\site-packages\nbclient\client.py", line 1021, in async_execute_cell
    await self._check_raise_for_error(cell, cell_index, exec_reply)
  File "C:\Users\Kein Jake\AppData\Local\Programs\Python\Python311\Lib\site-packages\nbclient\client.py", line 915, in _check_raise_for_error
    raise CellExecutionError.from_cell_and_msg(cell, exec_reply_content)
nbclient.exceptions.CellExecutionError: An error occurred while executing the following cell:
------------------
import torch
x = torch.randn(1, 1, 28, 28)  # batch=1, channel=1, H=28, W=28
print("Input shape:", x.shape)

------------------

[1;31m---------------------------------------------------------------------------[0m
[1;31mModuleNotFoundError[0m                       Traceback (most recent call last)
Cell [1;32mIn[1], line 1[0m
[1;32m----> 1[0m [38;5;28;01mimport[39;00m[38;5;250m [39m[38;5;21;01mtorch[39;00m
[0;32m      2[0m x [38;5;241m=[39m torch[38;5;241m.[39mrandn([38;5;241m1[39m, [38;5;241m1[39m, [38;5;241m28[39m, [38;5;241m28[39m)  [38;5;66;03m# batch=1, channel=1, H=28, W=28[39;00m
[0;32m      3[0m [38;5;28mprint[39m([38;5;124m"[39m[38;5;124mInput shape:[39m[38;5;124m"[39m, x[38;5;241m.[39mshape)

[1;31mModuleNotFoundError[0m: No module named 'torch'
ModuleNotFoundError: No module named 'torch'

